e:\tool\c++incolude\jsoncpp-src-0.5.0\build\vs71\release\lib_json\vc140.pdb
e:\tool\c++incolude\jsoncpp-src-0.5.0\build\vs71\release\lib_json\json_writer.obj
e:\tool\c++incolude\jsoncpp-src-0.5.0\build\vs71\release\lib_json\json_value.obj
e:\tool\c++incolude\jsoncpp-src-0.5.0\build\vs71\release\lib_json\json_reader.obj
e:\tool\c++incolude\jsoncpp-src-0.5.0\build\vs71\release\lib_json.dll
e:\tool\c++incolude\jsoncpp-src-0.5.0\build\vs71\release\lib_json\json_reader.asm
e:\tool\c++incolude\jsoncpp-src-0.5.0\build\vs71\release\lib_json\json_value.asm
e:\tool\c++incolude\jsoncpp-src-0.5.0\build\vs71\release\lib_json\json_writer.asm
e:\tool\c++incolude\jsoncpp-src-0.5.0\build\vs71\release\lib_json.ipdb
e:\tool\c++incolude\jsoncpp-src-0.5.0\build\vs71\release\lib_json.iobj
e:\tool\c++incolude\jsoncpp-src-0.5.0\build\vs71\release\lib_json.pdb
e:\tool\c++incolude\jsoncpp-src-0.5.0\build\vs71\release\lib_json\lib_json.ipdb
e:\tool\c++incolude\jsoncpp-src-0.5.0\build\vs71\release\lib_json\lib_json.iobj
e:\tool\c++incolude\jsoncpp-src-0.5.0\build\vs71\release\lib_json\lib_json.pdb
e:\tool\c++incolude\jsoncpp-src-0.5.0\makefiles\vs71\../../build/vs71/release/lib_json.dll
e:\tool\c++incolude\jsoncpp-src-0.5.0\build\vs71\release\lib_json\lib_json.tlog\cl.command.1.tlog
e:\tool\c++incolude\jsoncpp-src-0.5.0\build\vs71\release\lib_json\lib_json.tlog\cl.read.1.tlog
e:\tool\c++incolude\jsoncpp-src-0.5.0\build\vs71\release\lib_json\lib_json.tlog\cl.write.1.tlog
e:\tool\c++incolude\jsoncpp-src-0.5.0\build\vs71\release\lib_json\lib_json.tlog\lib_json.write.1u.tlog
e:\tool\c++incolude\jsoncpp-src-0.5.0\build\vs71\release\lib_json\lib_json.tlog\link.command.1.tlog
e:\tool\c++incolude\jsoncpp-src-0.5.0\build\vs71\release\lib_json\lib_json.tlog\link.read.1.tlog
e:\tool\c++incolude\jsoncpp-src-0.5.0\build\vs71\release\lib_json\lib_json.tlog\link.write.1.tlog
