cl : 命令行 warning D9035: “Zc:forScope-”选项已否决，并将在将来的版本中移除
  json_writer.cpp
e:\tool\c++incolude\jsoncpp-src-0.5.0\include\json\writer.h(43): warning C4251: “Json::FastWriter::document_”: class“std::basic_string<char,std::char_traits<char>,std::allocator<char>>”需要有 dll 接口由 class“Json::FastWriter”的客户端使用
  c:\program files (x86)\microsoft visual studio 14.0\vc\include\xstring(2633): note: 参见“std::basic_string<char,std::char_traits<char>,std::allocator<char>>”的声明
e:\tool\c++incolude\jsoncpp-src-0.5.0\include\json\writer.h(94): warning C4251: “Json::StyledWriter::childValues_”: class“std::vector<std::string,std::allocator<_Ty>>”需要有 dll 接口由 class“Json::StyledWriter”的客户端使用
          with
          [
              _Ty=std::string
          ]
  e:\tool\c++incolude\jsoncpp-src-0.5.0\include\json\value.h(119): note: 参见“std::vector<std::string,std::allocator<_Ty>>”的声明
          with
          [
              _Ty=std::string
          ]
e:\tool\c++incolude\jsoncpp-src-0.5.0\include\json\writer.h(95): warning C4251: “Json::StyledWriter::document_”: class“std::basic_string<char,std::char_traits<char>,std::allocator<char>>”需要有 dll 接口由 class“Json::StyledWriter”的客户端使用
  c:\program files (x86)\microsoft visual studio 14.0\vc\include\xstring(2633): note: 参见“std::basic_string<char,std::char_traits<char>,std::allocator<char>>”的声明
e:\tool\c++incolude\jsoncpp-src-0.5.0\include\json\writer.h(96): warning C4251: “Json::StyledWriter::indentString_”: class“std::basic_string<char,std::char_traits<char>,std::allocator<char>>”需要有 dll 接口由 class“Json::StyledWriter”的客户端使用
  c:\program files (x86)\microsoft visual studio 14.0\vc\include\xstring(2633): note: 参见“std::basic_string<char,std::char_traits<char>,std::allocator<char>>”的声明
e:\tool\c++incolude\jsoncpp-src-0.5.0\include\json\writer.h(152): warning C4251: “Json::StyledStreamWriter::childValues_”: class“std::vector<std::string,std::allocator<_Ty>>”需要有 dll 接口由 class“Json::StyledStreamWriter”的客户端使用
          with
          [
              _Ty=std::string
          ]
  e:\tool\c++incolude\jsoncpp-src-0.5.0\include\json\value.h(119): note: 参见“std::vector<std::string,std::allocator<_Ty>>”的声明
          with
          [
              _Ty=std::string
          ]
e:\tool\c++incolude\jsoncpp-src-0.5.0\include\json\writer.h(154): warning C4251: “Json::StyledStreamWriter::indentString_”: class“std::basic_string<char,std::char_traits<char>,std::allocator<char>>”需要有 dll 接口由 class“Json::StyledStreamWriter”的客户端使用
  c:\program files (x86)\microsoft visual studio 14.0\vc\include\xstring(2633): note: 参见“std::basic_string<char,std::char_traits<char>,std::allocator<char>>”的声明
e:\tool\c++incolude\jsoncpp-src-0.5.0\include\json\writer.h(156): warning C4251: “Json::StyledStreamWriter::indentation_”: class“std::basic_string<char,std::char_traits<char>,std::allocator<char>>”需要有 dll 接口由 class“Json::StyledStreamWriter”的客户端使用
  c:\program files (x86)\microsoft visual studio 14.0\vc\include\xstring(2633): note: 参见“std::basic_string<char,std::char_traits<char>,std::allocator<char>>”的声明
  json_value.cpp
e:\tool\c++incolude\jsoncpp-src-0.5.0\include\json\writer.h(43): warning C4251: “Json::FastWriter::document_”: class“std::basic_string<char,std::char_traits<char>,std::allocator<char>>”需要有 dll 接口由 class“Json::FastWriter”的客户端使用
  c:\program files (x86)\microsoft visual studio 14.0\vc\include\xstring(2633): note: 参见“std::basic_string<char,std::char_traits<char>,std::allocator<char>>”的声明
e:\tool\c++incolude\jsoncpp-src-0.5.0\include\json\writer.h(94): warning C4251: “Json::StyledWriter::childValues_”: class“std::vector<std::string,std::allocator<_Ty>>”需要有 dll 接口由 class“Json::StyledWriter”的客户端使用
          with
          [
              _Ty=std::string
          ]
  e:\tool\c++incolude\jsoncpp-src-0.5.0\include\json\value.h(119): note: 参见“std::vector<std::string,std::allocator<_Ty>>”的声明
          with
          [
              _Ty=std::string
          ]
e:\tool\c++incolude\jsoncpp-src-0.5.0\include\json\writer.h(95): warning C4251: “Json::StyledWriter::document_”: class“std::basic_string<char,std::char_traits<char>,std::allocator<char>>”需要有 dll 接口由 class“Json::StyledWriter”的客户端使用
  c:\program files (x86)\microsoft visual studio 14.0\vc\include\xstring(2633): note: 参见“std::basic_string<char,std::char_traits<char>,std::allocator<char>>”的声明
e:\tool\c++incolude\jsoncpp-src-0.5.0\include\json\writer.h(96): warning C4251: “Json::StyledWriter::indentString_”: class“std::basic_string<char,std::char_traits<char>,std::allocator<char>>”需要有 dll 接口由 class“Json::StyledWriter”的客户端使用
  c:\program files (x86)\microsoft visual studio 14.0\vc\include\xstring(2633): note: 参见“std::basic_string<char,std::char_traits<char>,std::allocator<char>>”的声明
e:\tool\c++incolude\jsoncpp-src-0.5.0\include\json\writer.h(152): warning C4251: “Json::StyledStreamWriter::childValues_”: class“std::vector<std::string,std::allocator<_Ty>>”需要有 dll 接口由 class“Json::StyledStreamWriter”的客户端使用
          with
          [
              _Ty=std::string
          ]
  e:\tool\c++incolude\jsoncpp-src-0.5.0\include\json\value.h(119): note: 参见“std::vector<std::string,std::allocator<_Ty>>”的声明
          with
          [
              _Ty=std::string
          ]
e:\tool\c++incolude\jsoncpp-src-0.5.0\include\json\writer.h(154): warning C4251: “Json::StyledStreamWriter::indentString_”: class“std::basic_string<char,std::char_traits<char>,std::allocator<char>>”需要有 dll 接口由 class“Json::StyledStreamWriter”的客户端使用
  c:\program files (x86)\microsoft visual studio 14.0\vc\include\xstring(2633): note: 参见“std::basic_string<char,std::char_traits<char>,std::allocator<char>>”的声明
e:\tool\c++incolude\jsoncpp-src-0.5.0\include\json\writer.h(156): warning C4251: “Json::StyledStreamWriter::indentation_”: class“std::basic_string<char,std::char_traits<char>,std::allocator<char>>”需要有 dll 接口由 class“Json::StyledStreamWriter”的客户端使用
  c:\program files (x86)\microsoft visual studio 14.0\vc\include\xstring(2633): note: 参见“std::basic_string<char,std::char_traits<char>,std::allocator<char>>”的声明
  json_reader.cpp
e:\tool\c++incolude\jsoncpp-src-0.5.0\include\json\reader.h(155): warning C4251: “Json::Reader::nodes_”: class“std::stack<Json::Value *,std::deque<_Ty,std::allocator<_Ty>>>”需要有 dll 接口由 class“Json::Reader”的客户端使用
          with
          [
              _Ty=Json::Value *
          ]
  e:\tool\c++incolude\jsoncpp-src-0.5.0\include\json\reader.h(154): note: 参见“std::stack<Json::Value *,std::deque<_Ty,std::allocator<_Ty>>>”的声明
          with
          [
              _Ty=Json::Value *
          ]
e:\tool\c++incolude\jsoncpp-src-0.5.0\include\json\reader.h(156): warning C4251: “Json::Reader::errors_”: class“std::deque<Json::Reader::ErrorInfo,std::allocator<_Ty>>”需要有 dll 接口由 class“Json::Reader”的客户端使用
          with
          [
              _Ty=Json::Reader::ErrorInfo
          ]
  e:\tool\c++incolude\jsoncpp-src-0.5.0\include\json\reader.h(108): note: 参见“std::deque<Json::Reader::ErrorInfo,std::allocator<_Ty>>”的声明
          with
          [
              _Ty=Json::Reader::ErrorInfo
          ]
e:\tool\c++incolude\jsoncpp-src-0.5.0\include\json\reader.h(157): warning C4251: “Json::Reader::document_”: class“std::basic_string<char,std::char_traits<char>,std::allocator<char>>”需要有 dll 接口由 class“Json::Reader”的客户端使用
  c:\program files (x86)\microsoft visual studio 14.0\vc\include\xstring(2633): note: 参见“std::basic_string<char,std::char_traits<char>,std::allocator<char>>”的声明
e:\tool\c++incolude\jsoncpp-src-0.5.0\include\json\reader.h(163): warning C4251: “Json::Reader::commentsBefore_”: class“std::basic_string<char,std::char_traits<char>,std::allocator<char>>”需要有 dll 接口由 class“Json::Reader”的客户端使用
  c:\program files (x86)\microsoft visual studio 14.0\vc\include\xstring(2633): note: 参见“std::basic_string<char,std::char_traits<char>,std::allocator<char>>”的声明
  正在生成代码...
json_reader.obj : warning LNK4075: 忽略“/EDITANDCONTINUE”(由于“/SAFESEH”规范)
    正在创建库 ../../build/vs71/debug/lib_json\lib_json.lib 和对象 ../../build/vs71/debug/lib_json\lib_json.exp
  lib_json.vcxproj -> E:\Tool\C++Incolude\jsoncpp-src-0.5.0\makefiles\vs71\../../build/vs71/debug/lib_json\lib_json.dll
  lib_json.vcxproj -> ../../build/vs71/debug/lib_json\lib_json.pdb (Full PDB)
